{"/Users/gienappa/Documents/HackReactor/SEI-HRLA34/Senior-section/FEC/review-service/client/src/components/App.jsx": {"path":"/Users/gienappa/Documents/HackReactor/SEI-HRLA34/Senior-section/FEC/review-service/client/src/components/App.jsx","statementMap":{"0":{"start":{"line":15,"column":4},"end":{"line":15,"column":17}},"1":{"start":{"line":17,"column":4},"end":{"line":29,"column":6}},"2":{"start":{"line":31,"column":4},"end":{"line":31,"column":63}},"3":{"start":{"line":32,"column":4},"end":{"line":32,"column":65}},"4":{"start":{"line":33,"column":4},"end":{"line":33,"column":67}},"5":{"start":{"line":34,"column":4},"end":{"line":34,"column":69}},"6":{"start":{"line":35,"column":4},"end":{"line":35,"column":65}},"7":{"start":{"line":36,"column":4},"end":{"line":36,"column":67}},"8":{"start":{"line":37,"column":4},"end":{"line":37,"column":69}},"9":{"start":{"line":38,"column":4},"end":{"line":38,"column":59}},"10":{"start":{"line":39,"column":4},"end":{"line":39,"column":57}},"11":{"start":{"line":40,"column":4},"end":{"line":40,"column":61}},"12":{"start":{"line":44,"column":4},"end":{"line":44,"column":29}},"13":{"start":{"line":45,"column":4},"end":{"line":45,"column":30}},"14":{"start":{"line":49,"column":4},"end":{"line":55,"column":42}},"15":{"start":{"line":51,"column":8},"end":{"line":53,"column":11}},"16":{"start":{"line":55,"column":22},"end":{"line":55,"column":40}},"17":{"start":{"line":59,"column":4},"end":{"line":65,"column":42}},"18":{"start":{"line":61,"column":8},"end":{"line":63,"column":11}},"19":{"start":{"line":65,"column":22},"end":{"line":65,"column":40}},"20":{"start":{"line":69,"column":4},"end":{"line":75,"column":42}},"21":{"start":{"line":71,"column":8},"end":{"line":73,"column":11}},"22":{"start":{"line":75,"column":22},"end":{"line":75,"column":40}},"23":{"start":{"line":79,"column":4},"end":{"line":85,"column":42}},"24":{"start":{"line":81,"column":8},"end":{"line":83,"column":11}},"25":{"start":{"line":85,"column":22},"end":{"line":85,"column":40}},"26":{"start":{"line":89,"column":4},"end":{"line":89,"column":23}},"27":{"start":{"line":90,"column":4},"end":{"line":90,"column":30}},"28":{"start":{"line":91,"column":4},"end":{"line":99,"column":7}},"29":{"start":{"line":103,"column":4},"end":{"line":103,"column":23}},"30":{"start":{"line":104,"column":4},"end":{"line":104,"column":31}},"31":{"start":{"line":105,"column":4},"end":{"line":113,"column":7}},"32":{"start":{"line":117,"column":4},"end":{"line":117,"column":23}},"33":{"start":{"line":118,"column":4},"end":{"line":118,"column":32}},"34":{"start":{"line":119,"column":4},"end":{"line":127,"column":7}},"35":{"start":{"line":131,"column":4},"end":{"line":131,"column":23}},"36":{"start":{"line":132,"column":4},"end":{"line":143,"column":7}},"37":{"start":{"line":133,"column":19},"end":{"line":133,"column":45}},"38":{"start":{"line":134,"column":6},"end":{"line":134,"column":36}},"39":{"start":{"line":136,"column":6},"end":{"line":142,"column":7}},"40":{"start":{"line":137,"column":8},"end":{"line":137,"column":34}},"41":{"start":{"line":138,"column":13},"end":{"line":142,"column":7}},"42":{"start":{"line":139,"column":8},"end":{"line":139,"column":35}},"43":{"start":{"line":141,"column":8},"end":{"line":141,"column":36}},"44":{"start":{"line":147,"column":4},"end":{"line":147,"column":23}},"45":{"start":{"line":148,"column":4},"end":{"line":148,"column":16}},"46":{"start":{"line":149,"column":4},"end":{"line":166,"column":7}},"47":{"start":{"line":150,"column":25},"end":{"line":150,"column":34}},"48":{"start":{"line":151,"column":20},"end":{"line":151,"column":47}},"49":{"start":{"line":152,"column":6},"end":{"line":156,"column":7}},"50":{"start":{"line":153,"column":8},"end":{"line":153,"column":32}},"51":{"start":{"line":155,"column":8},"end":{"line":155,"column":33}},"52":{"start":{"line":157,"column":6},"end":{"line":157,"column":24}},"53":{"start":{"line":159,"column":6},"end":{"line":165,"column":7}},"54":{"start":{"line":160,"column":8},"end":{"line":160,"column":34}},"55":{"start":{"line":161,"column":13},"end":{"line":165,"column":7}},"56":{"start":{"line":162,"column":8},"end":{"line":162,"column":35}},"57":{"start":{"line":164,"column":8},"end":{"line":164,"column":36}},"58":{"start":{"line":170,"column":4},"end":{"line":170,"column":23}},"59":{"start":{"line":171,"column":4},"end":{"line":181,"column":7}},"60":{"start":{"line":174,"column":6},"end":{"line":180,"column":7}},"61":{"start":{"line":175,"column":8},"end":{"line":175,"column":34}},"62":{"start":{"line":176,"column":13},"end":{"line":180,"column":7}},"63":{"start":{"line":177,"column":8},"end":{"line":177,"column":35}},"64":{"start":{"line":179,"column":8},"end":{"line":179,"column":36}},"65":{"start":{"line":185,"column":29},"end":{"line":187,"column":5}},"66":{"start":{"line":189,"column":29},"end":{"line":191,"column":5}},"67":{"start":{"line":193,"column":30},"end":{"line":195,"column":5}},"68":{"start":{"line":197,"column":28},"end":{"line":199,"column":5}},"69":{"start":{"line":201,"column":28},"end":{"line":203,"column":5}},"70":{"start":{"line":205,"column":33},"end":{"line":207,"column":5}},"71":{"start":{"line":209,"column":34},"end":{"line":211,"column":5}},"72":{"start":{"line":213,"column":36},"end":{"line":215,"column":5}},"73":{"start":{"line":217,"column":36},"end":{"line":219,"column":5}},"74":{"start":{"line":221,"column":30},"end":{"line":223,"column":5}},"75":{"start":{"line":225,"column":4},"end":{"line":379,"column":6}},"76":{"start":{"line":251,"column":50},"end":{"line":251,"column":106}},"77":{"start":{"line":366,"column":12},"end":{"line":366,"column":48}}},"fnMap":{"0":{"name":"(anonymous_0)","decl":{"start":{"line":14,"column":2},"end":{"line":14,"column":3}},"loc":{"start":{"line":14,"column":21},"end":{"line":41,"column":3}},"line":14},"1":{"name":"(anonymous_1)","decl":{"start":{"line":43,"column":2},"end":{"line":43,"column":3}},"loc":{"start":{"line":43,"column":22},"end":{"line":46,"column":3}},"line":43},"2":{"name":"(anonymous_2)","decl":{"start":{"line":48,"column":2},"end":{"line":48,"column":3}},"loc":{"start":{"line":48,"column":22},"end":{"line":56,"column":3}},"line":48},"3":{"name":"(anonymous_3)","decl":{"start":{"line":50,"column":12},"end":{"line":50,"column":13}},"loc":{"start":{"line":50,"column":22},"end":{"line":54,"column":7}},"line":50},"4":{"name":"(anonymous_4)","decl":{"start":{"line":55,"column":13},"end":{"line":55,"column":14}},"loc":{"start":{"line":55,"column":22},"end":{"line":55,"column":40}},"line":55},"5":{"name":"(anonymous_5)","decl":{"start":{"line":58,"column":2},"end":{"line":58,"column":3}},"loc":{"start":{"line":58,"column":23},"end":{"line":66,"column":3}},"line":58},"6":{"name":"(anonymous_6)","decl":{"start":{"line":60,"column":12},"end":{"line":60,"column":13}},"loc":{"start":{"line":60,"column":22},"end":{"line":64,"column":7}},"line":60},"7":{"name":"(anonymous_7)","decl":{"start":{"line":65,"column":13},"end":{"line":65,"column":14}},"loc":{"start":{"line":65,"column":22},"end":{"line":65,"column":40}},"line":65},"8":{"name":"(anonymous_8)","decl":{"start":{"line":68,"column":2},"end":{"line":68,"column":3}},"loc":{"start":{"line":68,"column":24},"end":{"line":76,"column":3}},"line":68},"9":{"name":"(anonymous_9)","decl":{"start":{"line":70,"column":12},"end":{"line":70,"column":13}},"loc":{"start":{"line":70,"column":22},"end":{"line":74,"column":7}},"line":70},"10":{"name":"(anonymous_10)","decl":{"start":{"line":75,"column":13},"end":{"line":75,"column":14}},"loc":{"start":{"line":75,"column":22},"end":{"line":75,"column":40}},"line":75},"11":{"name":"(anonymous_11)","decl":{"start":{"line":78,"column":2},"end":{"line":78,"column":3}},"loc":{"start":{"line":78,"column":25},"end":{"line":86,"column":3}},"line":78},"12":{"name":"(anonymous_12)","decl":{"start":{"line":80,"column":12},"end":{"line":80,"column":13}},"loc":{"start":{"line":80,"column":22},"end":{"line":84,"column":7}},"line":80},"13":{"name":"(anonymous_13)","decl":{"start":{"line":85,"column":13},"end":{"line":85,"column":14}},"loc":{"start":{"line":85,"column":22},"end":{"line":85,"column":40}},"line":85},"14":{"name":"(anonymous_14)","decl":{"start":{"line":88,"column":2},"end":{"line":88,"column":3}},"loc":{"start":{"line":88,"column":24},"end":{"line":100,"column":3}},"line":88},"15":{"name":"(anonymous_15)","decl":{"start":{"line":102,"column":2},"end":{"line":102,"column":3}},"loc":{"start":{"line":102,"column":25},"end":{"line":114,"column":3}},"line":102},"16":{"name":"(anonymous_16)","decl":{"start":{"line":116,"column":2},"end":{"line":116,"column":3}},"loc":{"start":{"line":116,"column":26},"end":{"line":128,"column":3}},"line":116},"17":{"name":"(anonymous_17)","decl":{"start":{"line":130,"column":2},"end":{"line":130,"column":3}},"loc":{"start":{"line":130,"column":21},"end":{"line":144,"column":3}},"line":130},"18":{"name":"(anonymous_18)","decl":{"start":{"line":132,"column":18},"end":{"line":132,"column":19}},"loc":{"start":{"line":132,"column":33},"end":{"line":135,"column":5}},"line":132},"19":{"name":"(anonymous_19)","decl":{"start":{"line":135,"column":7},"end":{"line":135,"column":8}},"loc":{"start":{"line":135,"column":13},"end":{"line":143,"column":5}},"line":135},"20":{"name":"(anonymous_20)","decl":{"start":{"line":146,"column":2},"end":{"line":146,"column":3}},"loc":{"start":{"line":146,"column":20},"end":{"line":167,"column":3}},"line":146},"21":{"name":"(anonymous_21)","decl":{"start":{"line":149,"column":18},"end":{"line":149,"column":19}},"loc":{"start":{"line":149,"column":33},"end":{"line":158,"column":5}},"line":149},"22":{"name":"(anonymous_22)","decl":{"start":{"line":158,"column":7},"end":{"line":158,"column":8}},"loc":{"start":{"line":158,"column":13},"end":{"line":166,"column":5}},"line":158},"23":{"name":"(anonymous_23)","decl":{"start":{"line":169,"column":2},"end":{"line":169,"column":3}},"loc":{"start":{"line":169,"column":22},"end":{"line":182,"column":3}},"line":169},"24":{"name":"(anonymous_24)","decl":{"start":{"line":173,"column":7},"end":{"line":173,"column":8}},"loc":{"start":{"line":173,"column":13},"end":{"line":181,"column":5}},"line":173},"25":{"name":"(anonymous_25)","decl":{"start":{"line":184,"column":2},"end":{"line":184,"column":3}},"loc":{"start":{"line":184,"column":11},"end":{"line":380,"column":3}},"line":184},"26":{"name":"(anonymous_26)","decl":{"start":{"line":251,"column":41},"end":{"line":251,"column":42}},"loc":{"start":{"line":251,"column":50},"end":{"line":251,"column":106}},"line":251},"27":{"name":"(anonymous_27)","decl":{"start":{"line":365,"column":34},"end":{"line":365,"column":35}},"loc":{"start":{"line":366,"column":12},"end":{"line":366,"column":48}},"line":366}},"branchMap":{"0":{"loc":{"start":{"line":136,"column":6},"end":{"line":142,"column":7}},"type":"if","locations":[{"start":{"line":136,"column":6},"end":{"line":142,"column":7}},{"start":{"line":136,"column":6},"end":{"line":142,"column":7}}],"line":136},"1":{"loc":{"start":{"line":138,"column":13},"end":{"line":142,"column":7}},"type":"if","locations":[{"start":{"line":138,"column":13},"end":{"line":142,"column":7}},{"start":{"line":138,"column":13},"end":{"line":142,"column":7}}],"line":138},"2":{"loc":{"start":{"line":152,"column":6},"end":{"line":156,"column":7}},"type":"if","locations":[{"start":{"line":152,"column":6},"end":{"line":156,"column":7}},{"start":{"line":152,"column":6},"end":{"line":156,"column":7}}],"line":152},"3":{"loc":{"start":{"line":159,"column":6},"end":{"line":165,"column":7}},"type":"if","locations":[{"start":{"line":159,"column":6},"end":{"line":165,"column":7}},{"start":{"line":159,"column":6},"end":{"line":165,"column":7}}],"line":159},"4":{"loc":{"start":{"line":161,"column":13},"end":{"line":165,"column":7}},"type":"if","locations":[{"start":{"line":161,"column":13},"end":{"line":165,"column":7}},{"start":{"line":161,"column":13},"end":{"line":165,"column":7}}],"line":161},"5":{"loc":{"start":{"line":174,"column":6},"end":{"line":180,"column":7}},"type":"if","locations":[{"start":{"line":174,"column":6},"end":{"line":180,"column":7}},{"start":{"line":174,"column":6},"end":{"line":180,"column":7}}],"line":174},"6":{"loc":{"start":{"line":176,"column":13},"end":{"line":180,"column":7}},"type":"if","locations":[{"start":{"line":176,"column":13},"end":{"line":180,"column":7}},{"start":{"line":176,"column":13},"end":{"line":180,"column":7}}],"line":176},"7":{"loc":{"start":{"line":248,"column":13},"end":{"line":255,"column":13}},"type":"binary-expr","locations":[{"start":{"line":248,"column":13},"end":{"line":248,"column":41}},{"start":{"line":249,"column":14},"end":{"line":254,"column":20}}],"line":248}},"s":{"0":5,"1":5,"2":5,"3":5,"4":5,"5":5,"6":5,"7":5,"8":5,"9":5,"10":5,"11":5,"12":8,"13":8,"14":7,"15":0,"16":0,"17":7,"18":0,"19":0,"20":0,"21":0,"22":0,"23":0,"24":0,"25":0,"26":0,"27":0,"28":0,"29":0,"30":0,"31":0,"32":0,"33":0,"34":0,"35":0,"36":0,"37":0,"38":0,"39":0,"40":0,"41":0,"42":0,"43":0,"44":0,"45":0,"46":0,"47":0,"48":0,"49":0,"50":0,"51":0,"52":0,"53":0,"54":0,"55":0,"56":0,"57":0,"58":0,"59":0,"60":0,"61":0,"62":0,"63":0,"64":0,"65":10,"66":10,"67":10,"68":10,"69":10,"70":10,"71":10,"72":10,"73":10,"74":10,"75":10,"76":1,"77":2},"f":{"0":5,"1":8,"2":7,"3":0,"4":0,"5":7,"6":0,"7":0,"8":0,"9":0,"10":0,"11":0,"12":0,"13":0,"14":0,"15":0,"16":0,"17":0,"18":0,"19":0,"20":0,"21":0,"22":0,"23":0,"24":0,"25":10,"26":1,"27":2},"b":{"0":[0,0],"1":[0,0],"2":[0,0],"3":[0,0],"4":[0,0],"5":[0,0],"6":[0,0],"7":[10,1]},"_coverageSchema":"1a1c01bbd47fc00a2c39e90264f33305004495a9","hash":"a36ea5b97a4fdea19047e4cc6ee27dffeddd1649"}
,"/Users/gienappa/Documents/HackReactor/SEI-HRLA34/Senior-section/FEC/review-service/client/src/components/Review.jsx": {"path":"/Users/gienappa/Documents/HackReactor/SEI-HRLA34/Senior-section/FEC/review-service/client/src/components/Review.jsx","statementMap":{"0":{"start":{"line":5,"column":15},"end":{"line":52,"column":1}},"1":{"start":{"line":6,"column":19},"end":{"line":6,"column":24}},"2":{"start":{"line":8,"column":22},"end":{"line":8,"column":26}},"3":{"start":{"line":9,"column":15},"end":{"line":9,"column":19}},"4":{"start":{"line":10,"column":2},"end":{"line":13,"column":3}},"5":{"start":{"line":11,"column":4},"end":{"line":11,"column":48}},"6":{"start":{"line":12,"column":4},"end":{"line":12,"column":29}},"7":{"start":{"line":15,"column":21},"end":{"line":15,"column":25}},"8":{"start":{"line":16,"column":2},"end":{"line":18,"column":3}},"9":{"start":{"line":17,"column":4},"end":{"line":17,"column":43}},"10":{"start":{"line":20,"column":14},"end":{"line":20,"column":18}},"11":{"start":{"line":21,"column":2},"end":{"line":23,"column":3}},"12":{"start":{"line":22,"column":4},"end":{"line":22,"column":37}},"13":{"start":{"line":25,"column":2},"end":{"line":51,"column":4}}},"fnMap":{"0":{"name":"(anonymous_0)","decl":{"start":{"line":5,"column":15},"end":{"line":5,"column":16}},"loc":{"start":{"line":5,"column":26},"end":{"line":52,"column":1}},"line":5}},"branchMap":{"0":{"loc":{"start":{"line":10,"column":2},"end":{"line":13,"column":3}},"type":"if","locations":[{"start":{"line":10,"column":2},"end":{"line":13,"column":3}},{"start":{"line":10,"column":2},"end":{"line":13,"column":3}}],"line":10},"1":{"loc":{"start":{"line":16,"column":2},"end":{"line":18,"column":3}},"type":"if","locations":[{"start":{"line":16,"column":2},"end":{"line":18,"column":3}},{"start":{"line":16,"column":2},"end":{"line":18,"column":3}}],"line":16},"2":{"loc":{"start":{"line":21,"column":2},"end":{"line":23,"column":3}},"type":"if","locations":[{"start":{"line":21,"column":2},"end":{"line":23,"column":3}},{"start":{"line":21,"column":2},"end":{"line":23,"column":3}}],"line":21}},"s":{"0":2,"1":1,"2":1,"3":1,"4":1,"5":1,"6":1,"7":1,"8":1,"9":0,"10":1,"11":1,"12":1,"13":1},"f":{"0":1},"b":{"0":[1,0],"1":[0,1],"2":[1,0]},"_coverageSchema":"1a1c01bbd47fc00a2c39e90264f33305004495a9","hash":"16577cab59622b47b90b0e7c3f1db630b58ae914"}
}
