TN:
SF:client/src/components/App.jsx
FN:14,(anonymous_0)
FN:43,(anonymous_1)
FN:48,(anonymous_2)
FN:50,(anonymous_3)
FN:55,(anonymous_4)
FN:58,(anonymous_5)
FN:60,(anonymous_6)
FN:65,(anonymous_7)
FN:68,(anonymous_8)
FN:70,(anonymous_9)
FN:75,(anonymous_10)
FN:78,(anonymous_11)
FN:80,(anonymous_12)
FN:85,(anonymous_13)
FN:88,(anonymous_14)
FN:102,(anonymous_15)
FN:116,(anonymous_16)
FN:130,(anonymous_17)
FN:132,(anonymous_18)
FN:135,(anonymous_19)
FN:146,(anonymous_20)
FN:149,(anonymous_21)
FN:158,(anonymous_22)
FN:169,(anonymous_23)
FN:173,(anonymous_24)
FN:184,(anonymous_25)
FN:251,(anonymous_26)
FN:365,(anonymous_27)
FNF:28
FNH:7
FNDA:6,(anonymous_0)
FNDA:10,(anonymous_1)
FNDA:9,(anonymous_2)
FNDA:0,(anonymous_3)
FNDA:0,(anonymous_4)
FNDA:9,(anonymous_5)
FNDA:0,(anonymous_6)
FNDA:0,(anonymous_7)
FNDA:0,(anonymous_8)
FNDA:0,(anonymous_9)
FNDA:0,(anonymous_10)
FNDA:0,(anonymous_11)
FNDA:0,(anonymous_12)
FNDA:0,(anonymous_13)
FNDA:0,(anonymous_14)
FNDA:0,(anonymous_15)
FNDA:0,(anonymous_16)
FNDA:0,(anonymous_17)
FNDA:0,(anonymous_18)
FNDA:0,(anonymous_19)
FNDA:0,(anonymous_20)
FNDA:0,(anonymous_21)
FNDA:0,(anonymous_22)
FNDA:0,(anonymous_23)
FNDA:0,(anonymous_24)
FNDA:13,(anonymous_25)
FNDA:1,(anonymous_26)
FNDA:2,(anonymous_27)
DA:15,6
DA:17,6
DA:31,6
DA:32,6
DA:33,6
DA:34,6
DA:35,6
DA:36,6
DA:37,6
DA:38,6
DA:39,6
DA:40,6
DA:44,10
DA:45,10
DA:49,9
DA:51,0
DA:55,0
DA:59,9
DA:61,0
DA:65,0
DA:69,0
DA:71,0
DA:75,0
DA:79,0
DA:81,0
DA:85,0
DA:89,0
DA:90,0
DA:91,0
DA:103,0
DA:104,0
DA:105,0
DA:117,0
DA:118,0
DA:119,0
DA:131,0
DA:132,0
DA:133,0
DA:134,0
DA:136,0
DA:137,0
DA:138,0
DA:139,0
DA:141,0
DA:147,0
DA:148,0
DA:149,0
DA:150,0
DA:151,0
DA:152,0
DA:153,0
DA:155,0
DA:157,0
DA:159,0
DA:160,0
DA:161,0
DA:162,0
DA:164,0
DA:170,0
DA:171,0
DA:174,0
DA:175,0
DA:176,0
DA:177,0
DA:179,0
DA:185,13
DA:189,13
DA:193,13
DA:197,13
DA:201,13
DA:205,13
DA:209,13
DA:213,13
DA:217,13
DA:221,13
DA:225,13
DA:251,1
DA:366,2
LF:78
LH:29
BRDA:136,0,0,0
BRDA:136,0,1,0
BRDA:138,1,0,0
BRDA:138,1,1,0
BRDA:152,2,0,0
BRDA:152,2,1,0
BRDA:159,3,0,0
BRDA:159,3,1,0
BRDA:161,4,0,0
BRDA:161,4,1,0
BRDA:174,5,0,0
BRDA:174,5,1,0
BRDA:176,6,0,0
BRDA:176,6,1,0
BRDA:248,7,0,13
BRDA:248,7,1,1
BRF:16
BRH:2
end_of_record
TN:
SF:client/src/components/Review.jsx
FN:5,(anonymous_0)
FNF:1
FNH:1
FNDA:1,(anonymous_0)
DA:5,2
DA:6,1
DA:8,1
DA:9,1
DA:10,1
DA:11,1
DA:12,1
DA:15,1
DA:16,1
DA:17,0
DA:20,1
DA:21,1
DA:22,1
DA:25,1
LF:14
LH:13
BRDA:10,0,0,1
BRDA:10,0,1,0
BRDA:16,1,0,0
BRDA:16,1,1,1
BRDA:21,2,0,1
BRDA:21,2,1,0
BRF:6
BRH:3
end_of_record
